<?xml version="1.0" encoding="UTF-8"?>
<testng-results ignored="0" total="1" passed="1" failed="0" skipped="0">
  <reporter-output>
  </reporter-output>
  <suite started-at="2024-06-08T16:28:32 IST" name="Default suite" finished-at="2024-06-08T16:29:47 IST" duration-ms="74457">
    <groups>
    </groups>
    <test started-at="2024-06-08T16:28:32 IST" name="Default test" finished-at="2024-06-08T16:29:47 IST" duration-ms="74457">
      <class name="in.debasish.generalStore.eCommerceAddProductTest2">
        <test-method is-config="true" signature="configureAppiumServer()[pri:0, instance:in.debasish.generalStore.eCommerceAddProductTest2@4567f35d]" started-at="2024-06-08T16:28:32 IST" name="configureAppiumServer" finished-at="2024-06-08T16:28:57 IST" duration-ms="24696" status="PASS">
          <reporter-output>
          </reporter-output>
        </test-method> <!-- configureAppiumServer -->
        <test-method signature="addtoCart()[pri:0, instance:in.debasish.generalStore.eCommerceAddProductTest2@4567f35d]" started-at="2024-06-08T16:28:57 IST" name="addtoCart" finished-at="2024-06-08T16:29:46 IST" duration-ms="48893" status="PASS">
          <reporter-output>
          </reporter-output>
        </test-method> <!-- addtoCart -->
        <test-method is-config="true" signature="tearDown()[pri:0, instance:in.debasish.generalStore.eCommerceAddProductTest2@4567f35d]" started-at="2024-06-08T16:29:46 IST" name="tearDown" finished-at="2024-06-08T16:29:47 IST" duration-ms="845" status="PASS">
          <reporter-output>
          </reporter-output>
        </test-method> <!-- tearDown -->
      </class> <!-- in.debasish.generalStore.eCommerceAddProductTest2 -->
    </test> <!-- Default test -->
  </suite> <!-- Default suite -->
</testng-results>
