<?xml version="1.0" encoding="UTF-8"?>
<!-- Generated by org.testng.reporters.JUnitXMLReporter -->
<testsuite ignored="0" hostname="192.168.1.3" failures="0" tests="2" name="ErrorValidation" time="8.096" errors="0" timestamp="2024-01-09T21:17:31 IST">
  <testcase classname="com.debasish.testCases.ErrorValidationTest" name="errorProductValidation" time="1.954"/>
  <testcase classname="com.debasish.testCases.ErrorValidationTest" name="getErrorMessage" time="0.808"/>
</testsuite> <!-- ErrorValidation -->
