<?xml version="1.0" encoding="UTF-8"?>
<!-- Generated by org.testng.reporters.JUnitXMLReporter -->
<testsuite ignored="0" hostname="192.168.1.3" failures="0" tests="2" name="Error Validation" time="8.35" errors="0" timestamp="2024-01-09T13:18:49 IST">
  <testcase classname="com.debasish.testCases.ErrorValidationTest" name="errorProductValidation" time="1.843"/>
  <testcase classname="com.debasish.testCases.ErrorValidationTest" name="getErrorMessage" time="0.858"/>
</testsuite> <!-- Error Validation -->
