<?xml version="1.0" encoding="UTF-8"?>
<!-- Generated by org.testng.reporters.JUnitXMLReporter -->
<testsuite ignored="0" hostname="192.168.1.3" failures="1" tests="1" name="Order His" time="0.082" errors="0" timestamp="2024-01-09T12:41:23 IST">
  <testcase classname="com.debasish.testCases.OrderHistory" name="orderHistory" time="0.072">
    <failure type="org.testng.internal.reflect.MethodMatcherException" message="
[public void com.debasish.testCases.OrderHistory.orderHistory(java.util.HashMap) throws java.lang.InterruptedException] has no parameters defined but was found to be using a data provider (either explicitly specified or inherited from class level annotation).
Data provider mismatch
Method: orderHistory([Parameter{index=0, type=java.util.HashMap, declaredAnnotations=[]}])
Arguments: [(java.util.HashMap) {password=debudon@211, product=ZARA COAT 3, email=rupesh.debasish279@gmail.com},(java.util.HashMap) {password=debudon@211, product=ADIDAS ORIGINAL, email=deb331474@gmail.com}]">
      <![CDATA[org.testng.internal.reflect.MethodMatcherException: 
[public void com.debasish.testCases.OrderHistory.orderHistory(java.util.HashMap) throws java.lang.InterruptedException] has no parameters defined but was found to be using a data provider (either explicitly specified or inherited from class level annotation).
Data provider mismatch
Method: orderHistory([Parameter{index=0, type=java.util.HashMap, declaredAnnotations=[]}])
Arguments: [(java.util.HashMap) {password=debudon@211, product=ZARA COAT 3, email=rupesh.debasish279@gmail.com},(java.util.HashMap) {password=debudon@211, product=ADIDAS ORIGINAL, email=deb331474@gmail.com}]
at java.base/java.util.ArrayList.forEach(ArrayList.java:1511)
... Removed 22 stack frames]]>
    </failure>
  </testcase> <!-- orderHistory -->
</testsuite> <!-- Order His -->
