<?xml version="1.0" encoding="UTF-8"?>
<testng-results ignored="0" total="1" passed="1" failed="0" skipped="0">
  <reporter-output>
  </reporter-output>
  <suite started-at="2024-06-07T14:14:05 IST" name="Default suite" finished-at="2024-06-07T14:14:07 IST" duration-ms="1959">
    <groups>
    </groups>
    <test started-at="2024-06-07T14:14:05 IST" name="Default test" finished-at="2024-06-07T14:14:07 IST" duration-ms="1959">
      <class name="org.testing.testScripts.TC6_CreateUserMockbinServer">
        <test-method is-config="true" signature="beforeSuite()[pri:0, instance:org.testing.testScripts.TC6_CreateUserMockbinServer@8dbdac1]" started-at="2024-06-07T14:14:05 IST" name="beforeSuite" finished-at="2024-06-07T14:14:05 IST" duration-ms="5" status="PASS">
          <reporter-output>
          </reporter-output>
        </test-method> <!-- beforeSuite -->
        <test-method is-config="true" signature="beforeTest()[pri:0, instance:org.testing.testScripts.TC6_CreateUserMockbinServer@8dbdac1]" started-at="2024-06-07T14:14:05 IST" name="beforeTest" finished-at="2024-06-07T14:14:05 IST" duration-ms="0" status="PASS">
          <reporter-output>
          </reporter-output>
        </test-method> <!-- beforeTest -->
        <test-method is-config="true" signature="setUp()[pri:0, instance:org.testing.testScripts.TC6_CreateUserMockbinServer@8dbdac1]" started-at="2024-06-07T14:14:05 IST" name="setUp" finished-at="2024-06-07T14:14:05 IST" duration-ms="1" status="PASS">
          <reporter-output>
          </reporter-output>
        </test-method> <!-- setUp -->
        <test-method signature="createMockbinTest()[pri:0, instance:org.testing.testScripts.TC6_CreateUserMockbinServer@8dbdac1]" started-at="2024-06-07T14:14:05 IST" name="createMockbinTest" finished-at="2024-06-07T14:14:07 IST" duration-ms="1944" status="PASS">
          <reporter-output>
          </reporter-output>
        </test-method> <!-- createMockbinTest -->
        <test-method is-config="true" signature="tearDown()[pri:0, instance:org.testing.testScripts.TC6_CreateUserMockbinServer@8dbdac1]" started-at="2024-06-07T14:14:07 IST" name="tearDown" finished-at="2024-06-07T14:14:07 IST" duration-ms="0" status="PASS">
          <reporter-output>
          </reporter-output>
        </test-method> <!-- tearDown -->
        <test-method is-config="true" signature="afterTest()[pri:0, instance:org.testing.testScripts.TC6_CreateUserMockbinServer@8dbdac1]" started-at="2024-06-07T14:14:07 IST" name="afterTest" finished-at="2024-06-07T14:14:07 IST" duration-ms="0" status="PASS">
          <reporter-output>
          </reporter-output>
        </test-method> <!-- afterTest -->
        <test-method is-config="true" signature="afterSuite()[pri:0, instance:org.testing.testScripts.TC6_CreateUserMockbinServer@8dbdac1]" started-at="2024-06-07T14:14:07 IST" name="afterSuite" finished-at="2024-06-07T14:14:07 IST" duration-ms="0" status="PASS">
          <reporter-output>
          </reporter-output>
        </test-method> <!-- afterSuite -->
      </class> <!-- org.testing.testScripts.TC6_CreateUserMockbinServer -->
    </test> <!-- Default test -->
  </suite> <!-- Default suite -->
</testng-results>
